DEBUG main io.netty.util.internal.logging.InternalLoggerFactory - Using Log4J as the default logging framework
DEBUG main io.netty.util.ResourceLeakDetector - -Dio.netty.leakDetectionLevel: simple
DEBUG main io.netty.channel.MultithreadEventLoopGroup - -Dio.netty.eventLoopThreads: 8
DEBUG main io.netty.util.internal.PlatformDependent0 - java.nio.Buffer.address: available
DEBUG main io.netty.util.internal.PlatformDependent0 - sun.misc.Unsafe.theUnsafe: available
DEBUG main io.netty.util.internal.PlatformDependent0 - sun.misc.Unsafe.copyMemory: available
DEBUG main io.netty.util.internal.PlatformDependent0 - java.nio.Bits.unaligned: true
DEBUG main io.netty.util.internal.PlatformDependent - Java version: 8
DEBUG main io.netty.util.internal.PlatformDependent - -Dio.netty.noUnsafe: false
DEBUG main io.netty.util.internal.PlatformDependent - sun.misc.Unsafe: available
DEBUG main io.netty.util.internal.PlatformDependent - -Dio.netty.noJavassist: false
DEBUG main io.netty.util.internal.PlatformDependent - Javassist: unavailable
DEBUG main io.netty.util.internal.PlatformDependent - You don't have Javassist in your class path or you don't have enough permission to load dynamically generated classes.  Please check the configuration for better performance.
DEBUG main io.netty.util.internal.PlatformDependent - -Dio.netty.tmpdir: /var/folders/tk/2t_ll0bs5ml458g35b118h3r0000gp/T (java.io.tmpdir)
DEBUG main io.netty.util.internal.PlatformDependent - -Dio.netty.bitMode: 64 (sun.arch.data.model)
DEBUG main io.netty.util.internal.PlatformDependent - -Dio.netty.noPreferDirect: false
DEBUG main io.netty.channel.nio.NioEventLoop - -Dio.netty.noKeySetOptimization: false
DEBUG main io.netty.channel.nio.NioEventLoop - -Dio.netty.selectorAutoRebuildThreshold: 512
INFO vert.x-eventloop-thread-2 com.omegapoint.ws.RestServiceImpl - Listening on 8080
DEBUG vert.x-eventloop-thread-2 io.netty.buffer.PooledByteBufAllocator - -Dio.netty.allocator.numHeapArenas: 4
DEBUG vert.x-eventloop-thread-2 io.netty.buffer.PooledByteBufAllocator - -Dio.netty.allocator.numDirectArenas: 4
DEBUG vert.x-eventloop-thread-2 io.netty.buffer.PooledByteBufAllocator - -Dio.netty.allocator.pageSize: 8192
DEBUG vert.x-eventloop-thread-2 io.netty.buffer.PooledByteBufAllocator - -Dio.netty.allocator.maxOrder: 11
DEBUG vert.x-eventloop-thread-2 io.netty.buffer.PooledByteBufAllocator - -Dio.netty.allocator.chunkSize: 16777216
DEBUG vert.x-eventloop-thread-2 io.netty.buffer.PooledByteBufAllocator - -Dio.netty.allocator.tinyCacheSize: 512
DEBUG vert.x-eventloop-thread-2 io.netty.buffer.PooledByteBufAllocator - -Dio.netty.allocator.smallCacheSize: 256
DEBUG vert.x-eventloop-thread-2 io.netty.buffer.PooledByteBufAllocator - -Dio.netty.allocator.normalCacheSize: 64
DEBUG vert.x-eventloop-thread-2 io.netty.buffer.PooledByteBufAllocator - -Dio.netty.allocator.maxCachedBufferCapacity: 32768
DEBUG vert.x-eventloop-thread-2 io.netty.buffer.PooledByteBufAllocator - -Dio.netty.allocator.cacheTrimInterval: 8192
DEBUG vert.x-eventloop-thread-2 io.netty.util.internal.ThreadLocalRandom - -Dio.netty.initialSeedUniquifier: 0x3051acd7edeeece2 (took 0 ms)
DEBUG vert.x-eventloop-thread-2 io.netty.buffer.ByteBufUtil - -Dio.netty.allocator.type: unpooled
DEBUG vert.x-eventloop-thread-2 io.netty.buffer.ByteBufUtil - -Dio.netty.threadLocalDirectBufferSize: 65536
DEBUG vert.x-eventloop-thread-2 io.netty.util.NetUtil - Loopback interface: lo0 (lo0, 0:0:0:0:0:0:0:1)
DEBUG vert.x-eventloop-thread-2 io.netty.util.NetUtil - /proc/sys/net/core/somaxconn: 128 (non-existent)
DEBUG vert.x-eventloop-thread-3 io.netty.util.Recycler - -Dio.netty.recycler.maxCapacity.default: 262144
DEBUG vert.x-eventloop-thread-2 com.omegapoint.ws.RestServiceImpl - Content-Type = application/protobuf-x
DEBUG vert.x-eventloop-thread-2 com.omegapoint.ws.RestServiceImpl - Protobuf message length = 30
Protobuf message: The message from protobuf!!!
DEBUG vert.x-eventloop-thread-2 com.omegapoint.ws.RestServiceImpl - Message on APNS: tjena
DEBUG main io.netty.util.internal.logging.InternalLoggerFactory - Using Log4J as the default logging framework
DEBUG main io.netty.util.ResourceLeakDetector - -Dio.netty.leakDetectionLevel: simple
DEBUG main io.netty.channel.MultithreadEventLoopGroup - -Dio.netty.eventLoopThreads: 8
DEBUG main io.netty.util.internal.PlatformDependent0 - java.nio.Buffer.address: available
DEBUG main io.netty.util.internal.PlatformDependent0 - sun.misc.Unsafe.theUnsafe: available
DEBUG main io.netty.util.internal.PlatformDependent0 - sun.misc.Unsafe.copyMemory: available
DEBUG main io.netty.util.internal.PlatformDependent0 - java.nio.Bits.unaligned: true
DEBUG main io.netty.util.internal.PlatformDependent - Java version: 8
DEBUG main io.netty.util.internal.PlatformDependent - -Dio.netty.noUnsafe: false
DEBUG main io.netty.util.internal.PlatformDependent - sun.misc.Unsafe: available
DEBUG main io.netty.util.internal.PlatformDependent - -Dio.netty.noJavassist: false
DEBUG main io.netty.util.internal.PlatformDependent - Javassist: unavailable
DEBUG main io.netty.util.internal.PlatformDependent - You don't have Javassist in your class path or you don't have enough permission to load dynamically generated classes.  Please check the configuration for better performance.
DEBUG main io.netty.util.internal.PlatformDependent - -Dio.netty.tmpdir: /var/folders/tk/2t_ll0bs5ml458g35b118h3r0000gp/T (java.io.tmpdir)
DEBUG main io.netty.util.internal.PlatformDependent - -Dio.netty.bitMode: 64 (sun.arch.data.model)
DEBUG main io.netty.util.internal.PlatformDependent - -Dio.netty.noPreferDirect: false
DEBUG main io.netty.channel.nio.NioEventLoop - -Dio.netty.noKeySetOptimization: false
DEBUG main io.netty.channel.nio.NioEventLoop - -Dio.netty.selectorAutoRebuildThreshold: 512
INFO vert.x-eventloop-thread-2 com.omegapoint.ws.RestServiceImpl - Listening on 8080
DEBUG vert.x-eventloop-thread-2 io.netty.buffer.PooledByteBufAllocator - -Dio.netty.allocator.numHeapArenas: 4
DEBUG vert.x-eventloop-thread-2 io.netty.buffer.PooledByteBufAllocator - -Dio.netty.allocator.numDirectArenas: 4
DEBUG vert.x-eventloop-thread-2 io.netty.buffer.PooledByteBufAllocator - -Dio.netty.allocator.pageSize: 8192
DEBUG vert.x-eventloop-thread-2 io.netty.buffer.PooledByteBufAllocator - -Dio.netty.allocator.maxOrder: 11
DEBUG vert.x-eventloop-thread-2 io.netty.buffer.PooledByteBufAllocator - -Dio.netty.allocator.chunkSize: 16777216
DEBUG vert.x-eventloop-thread-2 io.netty.buffer.PooledByteBufAllocator - -Dio.netty.allocator.tinyCacheSize: 512
DEBUG vert.x-eventloop-thread-2 io.netty.buffer.PooledByteBufAllocator - -Dio.netty.allocator.smallCacheSize: 256
DEBUG vert.x-eventloop-thread-2 io.netty.buffer.PooledByteBufAllocator - -Dio.netty.allocator.normalCacheSize: 64
DEBUG vert.x-eventloop-thread-2 io.netty.buffer.PooledByteBufAllocator - -Dio.netty.allocator.maxCachedBufferCapacity: 32768
DEBUG vert.x-eventloop-thread-2 io.netty.buffer.PooledByteBufAllocator - -Dio.netty.allocator.cacheTrimInterval: 8192
DEBUG vert.x-eventloop-thread-2 io.netty.util.internal.ThreadLocalRandom - -Dio.netty.initialSeedUniquifier: 0x829145a672b5ec42 (took 1 ms)
DEBUG vert.x-eventloop-thread-2 io.netty.buffer.ByteBufUtil - -Dio.netty.allocator.type: unpooled
DEBUG vert.x-eventloop-thread-2 io.netty.buffer.ByteBufUtil - -Dio.netty.threadLocalDirectBufferSize: 65536
DEBUG vert.x-eventloop-thread-2 io.netty.util.NetUtil - Loopback interface: lo0 (lo0, 0:0:0:0:0:0:0:1)
DEBUG vert.x-eventloop-thread-2 io.netty.util.NetUtil - /proc/sys/net/core/somaxconn: 128 (non-existent)
DEBUG vert.x-eventloop-thread-3 io.netty.util.Recycler - -Dio.netty.recycler.maxCapacity.default: 262144
DEBUG vert.x-eventloop-thread-2 com.omegapoint.ws.RestServiceImpl - Content-Type = application/protobuf-x
DEBUG vert.x-eventloop-thread-2 com.omegapoint.ws.RestServiceImpl - Protobuf message length = 30
Protobuf message: The message from protobuf!!!
DEBUG vert.x-eventloop-thread-2 com.omegapoint.ws.RestServiceImpl - Message on APNS: tjena
DEBUG main io.netty.util.internal.logging.InternalLoggerFactory - Using Log4J as the default logging framework
DEBUG main io.netty.util.ResourceLeakDetector - -Dio.netty.leakDetectionLevel: simple
DEBUG main io.netty.channel.MultithreadEventLoopGroup - -Dio.netty.eventLoopThreads: 8
DEBUG main io.netty.util.internal.PlatformDependent0 - java.nio.Buffer.address: available
DEBUG main io.netty.util.internal.PlatformDependent0 - sun.misc.Unsafe.theUnsafe: available
DEBUG main io.netty.util.internal.PlatformDependent0 - sun.misc.Unsafe.copyMemory: available
DEBUG main io.netty.util.internal.PlatformDependent0 - java.nio.Bits.unaligned: true
DEBUG main io.netty.util.internal.PlatformDependent - Java version: 8
DEBUG main io.netty.util.internal.PlatformDependent - -Dio.netty.noUnsafe: false
DEBUG main io.netty.util.internal.PlatformDependent - sun.misc.Unsafe: available
DEBUG main io.netty.util.internal.PlatformDependent - -Dio.netty.noJavassist: false
DEBUG main io.netty.util.internal.PlatformDependent - Javassist: unavailable
DEBUG main io.netty.util.internal.PlatformDependent - You don't have Javassist in your class path or you don't have enough permission to load dynamically generated classes.  Please check the configuration for better performance.
DEBUG main io.netty.util.internal.PlatformDependent - -Dio.netty.tmpdir: /var/folders/tk/2t_ll0bs5ml458g35b118h3r0000gp/T (java.io.tmpdir)
DEBUG main io.netty.util.internal.PlatformDependent - -Dio.netty.bitMode: 64 (sun.arch.data.model)
DEBUG main io.netty.util.internal.PlatformDependent - -Dio.netty.noPreferDirect: false
DEBUG main io.netty.channel.nio.NioEventLoop - -Dio.netty.noKeySetOptimization: false
DEBUG main io.netty.channel.nio.NioEventLoop - -Dio.netty.selectorAutoRebuildThreshold: 512
INFO vert.x-eventloop-thread-2 com.omegapoint.ws.RestServiceImpl - Listening on 8080
DEBUG vert.x-eventloop-thread-2 io.netty.buffer.PooledByteBufAllocator - -Dio.netty.allocator.numHeapArenas: 4
DEBUG vert.x-eventloop-thread-2 io.netty.buffer.PooledByteBufAllocator - -Dio.netty.allocator.numDirectArenas: 4
DEBUG vert.x-eventloop-thread-2 io.netty.buffer.PooledByteBufAllocator - -Dio.netty.allocator.pageSize: 8192
DEBUG vert.x-eventloop-thread-2 io.netty.buffer.PooledByteBufAllocator - -Dio.netty.allocator.maxOrder: 11
DEBUG vert.x-eventloop-thread-2 io.netty.buffer.PooledByteBufAllocator - -Dio.netty.allocator.chunkSize: 16777216
DEBUG vert.x-eventloop-thread-2 io.netty.buffer.PooledByteBufAllocator - -Dio.netty.allocator.tinyCacheSize: 512
DEBUG vert.x-eventloop-thread-2 io.netty.buffer.PooledByteBufAllocator - -Dio.netty.allocator.smallCacheSize: 256
DEBUG vert.x-eventloop-thread-2 io.netty.buffer.PooledByteBufAllocator - -Dio.netty.allocator.normalCacheSize: 64
DEBUG vert.x-eventloop-thread-2 io.netty.buffer.PooledByteBufAllocator - -Dio.netty.allocator.maxCachedBufferCapacity: 32768
DEBUG vert.x-eventloop-thread-2 io.netty.buffer.PooledByteBufAllocator - -Dio.netty.allocator.cacheTrimInterval: 8192
DEBUG vert.x-eventloop-thread-2 io.netty.util.internal.ThreadLocalRandom - -Dio.netty.initialSeedUniquifier: 0xdd2ee39b6c3f2771 (took 0 ms)
DEBUG vert.x-eventloop-thread-2 io.netty.buffer.ByteBufUtil - -Dio.netty.allocator.type: unpooled
DEBUG vert.x-eventloop-thread-2 io.netty.buffer.ByteBufUtil - -Dio.netty.threadLocalDirectBufferSize: 65536
DEBUG vert.x-eventloop-thread-2 io.netty.util.NetUtil - Loopback interface: lo0 (lo0, 0:0:0:0:0:0:0:1)
DEBUG vert.x-eventloop-thread-2 io.netty.util.NetUtil - /proc/sys/net/core/somaxconn: 128 (non-existent)
DEBUG vert.x-eventloop-thread-3 io.netty.util.Recycler - -Dio.netty.recycler.maxCapacity.default: 262144
DEBUG vert.x-eventloop-thread-2 com.omegapoint.ws.RestServiceImpl - Content-Type = application/protobuf-x
DEBUG vert.x-eventloop-thread-2 com.omegapoint.ws.RestServiceImpl - Protobuf message length = 30
Protobuf message: The message from protobuf!!!
DEBUG vert.x-eventloop-thread-2 com.omegapoint.ws.RestServiceImpl - Message on APNS: tjena
DEBUG main io.netty.util.internal.logging.InternalLoggerFactory - Using Log4J as the default logging framework
DEBUG main io.netty.util.ResourceLeakDetector - -Dio.netty.leakDetectionLevel: simple
DEBUG main io.netty.channel.MultithreadEventLoopGroup - -Dio.netty.eventLoopThreads: 8
DEBUG main io.netty.util.internal.PlatformDependent0 - java.nio.Buffer.address: available
DEBUG main io.netty.util.internal.PlatformDependent0 - sun.misc.Unsafe.theUnsafe: available
DEBUG main io.netty.util.internal.PlatformDependent0 - sun.misc.Unsafe.copyMemory: available
DEBUG main io.netty.util.internal.PlatformDependent0 - java.nio.Bits.unaligned: true
DEBUG main io.netty.util.internal.PlatformDependent - Java version: 8
DEBUG main io.netty.util.internal.PlatformDependent - -Dio.netty.noUnsafe: false
DEBUG main io.netty.util.internal.PlatformDependent - sun.misc.Unsafe: available
DEBUG main io.netty.util.internal.PlatformDependent - -Dio.netty.noJavassist: false
DEBUG main io.netty.util.internal.PlatformDependent - Javassist: unavailable
DEBUG main io.netty.util.internal.PlatformDependent - You don't have Javassist in your class path or you don't have enough permission to load dynamically generated classes.  Please check the configuration for better performance.
DEBUG main io.netty.util.internal.PlatformDependent - -Dio.netty.tmpdir: /var/folders/tk/2t_ll0bs5ml458g35b118h3r0000gp/T (java.io.tmpdir)
DEBUG main io.netty.util.internal.PlatformDependent - -Dio.netty.bitMode: 64 (sun.arch.data.model)
DEBUG main io.netty.util.internal.PlatformDependent - -Dio.netty.noPreferDirect: false
DEBUG main io.netty.channel.nio.NioEventLoop - -Dio.netty.noKeySetOptimization: false
DEBUG main io.netty.channel.nio.NioEventLoop - -Dio.netty.selectorAutoRebuildThreshold: 512
INFO vert.x-eventloop-thread-2 com.omegapoint.ws.RestServiceImpl - Listening on 8080
DEBUG vert.x-eventloop-thread-2 io.netty.buffer.PooledByteBufAllocator - -Dio.netty.allocator.numHeapArenas: 4
DEBUG vert.x-eventloop-thread-2 io.netty.buffer.PooledByteBufAllocator - -Dio.netty.allocator.numDirectArenas: 4
DEBUG vert.x-eventloop-thread-2 io.netty.buffer.PooledByteBufAllocator - -Dio.netty.allocator.pageSize: 8192
DEBUG vert.x-eventloop-thread-2 io.netty.buffer.PooledByteBufAllocator - -Dio.netty.allocator.maxOrder: 11
DEBUG vert.x-eventloop-thread-2 io.netty.buffer.PooledByteBufAllocator - -Dio.netty.allocator.chunkSize: 16777216
DEBUG vert.x-eventloop-thread-2 io.netty.buffer.PooledByteBufAllocator - -Dio.netty.allocator.tinyCacheSize: 512
DEBUG vert.x-eventloop-thread-2 io.netty.buffer.PooledByteBufAllocator - -Dio.netty.allocator.smallCacheSize: 256
DEBUG vert.x-eventloop-thread-2 io.netty.buffer.PooledByteBufAllocator - -Dio.netty.allocator.normalCacheSize: 64
DEBUG vert.x-eventloop-thread-2 io.netty.buffer.PooledByteBufAllocator - -Dio.netty.allocator.maxCachedBufferCapacity: 32768
DEBUG vert.x-eventloop-thread-2 io.netty.buffer.PooledByteBufAllocator - -Dio.netty.allocator.cacheTrimInterval: 8192
DEBUG vert.x-eventloop-thread-2 io.netty.util.internal.ThreadLocalRandom - -Dio.netty.initialSeedUniquifier: 0x9d9bf696f5478954 (took 7 ms)
DEBUG vert.x-eventloop-thread-2 io.netty.buffer.ByteBufUtil - -Dio.netty.allocator.type: unpooled
DEBUG vert.x-eventloop-thread-2 io.netty.buffer.ByteBufUtil - -Dio.netty.threadLocalDirectBufferSize: 65536
DEBUG vert.x-eventloop-thread-2 io.netty.util.NetUtil - Loopback interface: lo0 (lo0, 0:0:0:0:0:0:0:1)
DEBUG vert.x-eventloop-thread-2 io.netty.util.NetUtil - /proc/sys/net/core/somaxconn: 128 (non-existent)
DEBUG vert.x-eventloop-thread-3 io.netty.util.Recycler - -Dio.netty.recycler.maxCapacity.default: 262144
DEBUG vert.x-eventloop-thread-2 com.omegapoint.ws.RestServiceImpl - Content-Type = application/protobuf-x
DEBUG vert.x-eventloop-thread-2 com.omegapoint.ws.RestServiceImpl - Protobuf message length = 30
Protobuf message: The message from protobuf!!!
DEBUG vert.x-eventloop-thread-2 com.omegapoint.ws.RestServiceImpl - Message on APNS: tjena
DEBUG main io.netty.util.internal.logging.InternalLoggerFactory - Using Log4J as the default logging framework
DEBUG main io.netty.util.ResourceLeakDetector - -Dio.netty.leakDetectionLevel: simple
DEBUG main io.netty.channel.MultithreadEventLoopGroup - -Dio.netty.eventLoopThreads: 8
DEBUG main io.netty.util.internal.PlatformDependent0 - java.nio.Buffer.address: available
DEBUG main io.netty.util.internal.PlatformDependent0 - sun.misc.Unsafe.theUnsafe: available
DEBUG main io.netty.util.internal.PlatformDependent0 - sun.misc.Unsafe.copyMemory: available
DEBUG main io.netty.util.internal.PlatformDependent0 - java.nio.Bits.unaligned: true
DEBUG main io.netty.util.internal.PlatformDependent - Java version: 8
DEBUG main io.netty.util.internal.PlatformDependent - -Dio.netty.noUnsafe: false
DEBUG main io.netty.util.internal.PlatformDependent - sun.misc.Unsafe: available
DEBUG main io.netty.util.internal.PlatformDependent - -Dio.netty.noJavassist: false
DEBUG main io.netty.util.internal.PlatformDependent - Javassist: unavailable
DEBUG main io.netty.util.internal.PlatformDependent - You don't have Javassist in your class path or you don't have enough permission to load dynamically generated classes.  Please check the configuration for better performance.
DEBUG main io.netty.util.internal.PlatformDependent - -Dio.netty.tmpdir: /var/folders/tk/2t_ll0bs5ml458g35b118h3r0000gp/T (java.io.tmpdir)
DEBUG main io.netty.util.internal.PlatformDependent - -Dio.netty.bitMode: 64 (sun.arch.data.model)
DEBUG main io.netty.util.internal.PlatformDependent - -Dio.netty.noPreferDirect: false
DEBUG main io.netty.channel.nio.NioEventLoop - -Dio.netty.noKeySetOptimization: false
DEBUG main io.netty.channel.nio.NioEventLoop - -Dio.netty.selectorAutoRebuildThreshold: 512
INFO vert.x-eventloop-thread-2 com.omegapoint.ws.RestServiceImpl - Listening on 8080
DEBUG vert.x-eventloop-thread-2 io.netty.buffer.PooledByteBufAllocator - -Dio.netty.allocator.numHeapArenas: 4
DEBUG vert.x-eventloop-thread-2 io.netty.buffer.PooledByteBufAllocator - -Dio.netty.allocator.numDirectArenas: 4
DEBUG vert.x-eventloop-thread-2 io.netty.buffer.PooledByteBufAllocator - -Dio.netty.allocator.pageSize: 8192
DEBUG vert.x-eventloop-thread-2 io.netty.buffer.PooledByteBufAllocator - -Dio.netty.allocator.maxOrder: 11
DEBUG vert.x-eventloop-thread-2 io.netty.buffer.PooledByteBufAllocator - -Dio.netty.allocator.chunkSize: 16777216
DEBUG vert.x-eventloop-thread-2 io.netty.buffer.PooledByteBufAllocator - -Dio.netty.allocator.tinyCacheSize: 512
DEBUG vert.x-eventloop-thread-2 io.netty.buffer.PooledByteBufAllocator - -Dio.netty.allocator.smallCacheSize: 256
DEBUG vert.x-eventloop-thread-2 io.netty.buffer.PooledByteBufAllocator - -Dio.netty.allocator.normalCacheSize: 64
DEBUG vert.x-eventloop-thread-2 io.netty.buffer.PooledByteBufAllocator - -Dio.netty.allocator.maxCachedBufferCapacity: 32768
DEBUG vert.x-eventloop-thread-2 io.netty.buffer.PooledByteBufAllocator - -Dio.netty.allocator.cacheTrimInterval: 8192
DEBUG vert.x-eventloop-thread-2 io.netty.util.internal.ThreadLocalRandom - -Dio.netty.initialSeedUniquifier: 0xc726941ede362669 (took 0 ms)
DEBUG vert.x-eventloop-thread-2 io.netty.buffer.ByteBufUtil - -Dio.netty.allocator.type: unpooled
DEBUG vert.x-eventloop-thread-2 io.netty.buffer.ByteBufUtil - -Dio.netty.threadLocalDirectBufferSize: 65536
DEBUG vert.x-eventloop-thread-2 io.netty.util.NetUtil - Loopback interface: lo0 (lo0, 0:0:0:0:0:0:0:1)
DEBUG vert.x-eventloop-thread-2 io.netty.util.NetUtil - /proc/sys/net/core/somaxconn: 128 (non-existent)
DEBUG vert.x-eventloop-thread-3 io.netty.util.Recycler - -Dio.netty.recycler.maxCapacity.default: 262144
DEBUG vert.x-eventloop-thread-2 com.omegapoint.ws.RestServiceImpl - Content-Type = application/protobuf-x
DEBUG vert.x-eventloop-thread-2 com.omegapoint.ws.RestServiceImpl - Protobuf message length = 30
Protobuf message: The message from protobuf!!!
DEBUG vert.x-eventloop-thread-2 com.omegapoint.ws.RestServiceImpl - Message on APNS: tjena
DEBUG main io.netty.util.internal.logging.InternalLoggerFactory - Using Log4J as the default logging framework
DEBUG main io.netty.util.ResourceLeakDetector - -Dio.netty.leakDetectionLevel: simple
DEBUG main io.netty.channel.MultithreadEventLoopGroup - -Dio.netty.eventLoopThreads: 8
DEBUG main io.netty.util.internal.PlatformDependent0 - java.nio.Buffer.address: available
DEBUG main io.netty.util.internal.PlatformDependent0 - sun.misc.Unsafe.theUnsafe: available
DEBUG main io.netty.util.internal.PlatformDependent0 - sun.misc.Unsafe.copyMemory: available
DEBUG main io.netty.util.internal.PlatformDependent0 - java.nio.Bits.unaligned: true
DEBUG main io.netty.util.internal.PlatformDependent - Java version: 8
DEBUG main io.netty.util.internal.PlatformDependent - -Dio.netty.noUnsafe: false
DEBUG main io.netty.util.internal.PlatformDependent - sun.misc.Unsafe: available
DEBUG main io.netty.util.internal.PlatformDependent - -Dio.netty.noJavassist: false
DEBUG main io.netty.util.internal.PlatformDependent - Javassist: unavailable
DEBUG main io.netty.util.internal.PlatformDependent - You don't have Javassist in your class path or you don't have enough permission to load dynamically generated classes.  Please check the configuration for better performance.
DEBUG main io.netty.util.internal.PlatformDependent - -Dio.netty.tmpdir: /var/folders/tk/2t_ll0bs5ml458g35b118h3r0000gp/T (java.io.tmpdir)
DEBUG main io.netty.util.internal.PlatformDependent - -Dio.netty.bitMode: 64 (sun.arch.data.model)
DEBUG main io.netty.util.internal.PlatformDependent - -Dio.netty.noPreferDirect: false
DEBUG main io.netty.channel.nio.NioEventLoop - -Dio.netty.noKeySetOptimization: false
DEBUG main io.netty.channel.nio.NioEventLoop - -Dio.netty.selectorAutoRebuildThreshold: 512
INFO vert.x-eventloop-thread-2 com.omegapoint.ws.RestServiceImpl - Listening on 8080
DEBUG vert.x-eventloop-thread-2 io.netty.buffer.PooledByteBufAllocator - -Dio.netty.allocator.numHeapArenas: 4
DEBUG vert.x-eventloop-thread-2 io.netty.buffer.PooledByteBufAllocator - -Dio.netty.allocator.numDirectArenas: 4
DEBUG vert.x-eventloop-thread-2 io.netty.buffer.PooledByteBufAllocator - -Dio.netty.allocator.pageSize: 8192
DEBUG vert.x-eventloop-thread-2 io.netty.buffer.PooledByteBufAllocator - -Dio.netty.allocator.maxOrder: 11
DEBUG vert.x-eventloop-thread-2 io.netty.buffer.PooledByteBufAllocator - -Dio.netty.allocator.chunkSize: 16777216
DEBUG vert.x-eventloop-thread-2 io.netty.buffer.PooledByteBufAllocator - -Dio.netty.allocator.tinyCacheSize: 512
DEBUG vert.x-eventloop-thread-2 io.netty.buffer.PooledByteBufAllocator - -Dio.netty.allocator.smallCacheSize: 256
DEBUG vert.x-eventloop-thread-2 io.netty.buffer.PooledByteBufAllocator - -Dio.netty.allocator.normalCacheSize: 64
DEBUG vert.x-eventloop-thread-2 io.netty.buffer.PooledByteBufAllocator - -Dio.netty.allocator.maxCachedBufferCapacity: 32768
DEBUG vert.x-eventloop-thread-2 io.netty.buffer.PooledByteBufAllocator - -Dio.netty.allocator.cacheTrimInterval: 8192
DEBUG vert.x-eventloop-thread-2 io.netty.util.internal.ThreadLocalRandom - -Dio.netty.initialSeedUniquifier: 0x9c37fc441d29c406 (took 0 ms)
DEBUG vert.x-eventloop-thread-2 io.netty.buffer.ByteBufUtil - -Dio.netty.allocator.type: unpooled
DEBUG vert.x-eventloop-thread-2 io.netty.buffer.ByteBufUtil - -Dio.netty.threadLocalDirectBufferSize: 65536
DEBUG vert.x-eventloop-thread-2 io.netty.util.NetUtil - Loopback interface: lo0 (lo0, 0:0:0:0:0:0:0:1)
DEBUG vert.x-eventloop-thread-2 io.netty.util.NetUtil - /proc/sys/net/core/somaxconn: 128 (non-existent)
DEBUG vert.x-eventloop-thread-3 io.netty.util.Recycler - -Dio.netty.recycler.maxCapacity.default: 262144
DEBUG vert.x-eventloop-thread-2 com.omegapoint.ws.RestServiceImpl - Content-Type = application/protobuf-x
DEBUG vert.x-eventloop-thread-2 com.omegapoint.ws.RestServiceImpl - Protobuf message length = 30
Protobuf message: The message from protobuf!!!
DEBUG vert.x-eventloop-thread-2 com.omegapoint.ws.RestServiceImpl - Message on APNS: tjena
DEBUG main io.netty.util.internal.logging.InternalLoggerFactory - Using Log4J as the default logging framework
DEBUG main io.netty.util.ResourceLeakDetector - -Dio.netty.leakDetectionLevel: simple
DEBUG main io.netty.channel.MultithreadEventLoopGroup - -Dio.netty.eventLoopThreads: 8
DEBUG main io.netty.util.internal.PlatformDependent0 - java.nio.Buffer.address: available
DEBUG main io.netty.util.internal.PlatformDependent0 - sun.misc.Unsafe.theUnsafe: available
DEBUG main io.netty.util.internal.PlatformDependent0 - sun.misc.Unsafe.copyMemory: available
DEBUG main io.netty.util.internal.PlatformDependent0 - java.nio.Bits.unaligned: true
DEBUG main io.netty.util.internal.PlatformDependent - Java version: 8
DEBUG main io.netty.util.internal.PlatformDependent - -Dio.netty.noUnsafe: false
DEBUG main io.netty.util.internal.PlatformDependent - sun.misc.Unsafe: available
DEBUG main io.netty.util.internal.PlatformDependent - -Dio.netty.noJavassist: false
DEBUG main io.netty.util.internal.PlatformDependent - Javassist: unavailable
DEBUG main io.netty.util.internal.PlatformDependent - You don't have Javassist in your class path or you don't have enough permission to load dynamically generated classes.  Please check the configuration for better performance.
DEBUG main io.netty.util.internal.PlatformDependent - -Dio.netty.tmpdir: /var/folders/tk/2t_ll0bs5ml458g35b118h3r0000gp/T (java.io.tmpdir)
DEBUG main io.netty.util.internal.PlatformDependent - -Dio.netty.bitMode: 64 (sun.arch.data.model)
DEBUG main io.netty.util.internal.PlatformDependent - -Dio.netty.noPreferDirect: false
DEBUG main io.netty.channel.nio.NioEventLoop - -Dio.netty.noKeySetOptimization: false
DEBUG main io.netty.channel.nio.NioEventLoop - -Dio.netty.selectorAutoRebuildThreshold: 512
INFO vert.x-eventloop-thread-2 com.omegapoint.ws.RestServiceImpl - Listening on 8080
DEBUG vert.x-eventloop-thread-2 io.netty.buffer.PooledByteBufAllocator - -Dio.netty.allocator.numHeapArenas: 4
DEBUG vert.x-eventloop-thread-2 io.netty.buffer.PooledByteBufAllocator - -Dio.netty.allocator.numDirectArenas: 4
DEBUG vert.x-eventloop-thread-2 io.netty.buffer.PooledByteBufAllocator - -Dio.netty.allocator.pageSize: 8192
DEBUG vert.x-eventloop-thread-2 io.netty.buffer.PooledByteBufAllocator - -Dio.netty.allocator.maxOrder: 11
DEBUG vert.x-eventloop-thread-2 io.netty.buffer.PooledByteBufAllocator - -Dio.netty.allocator.chunkSize: 16777216
DEBUG vert.x-eventloop-thread-2 io.netty.buffer.PooledByteBufAllocator - -Dio.netty.allocator.tinyCacheSize: 512
DEBUG vert.x-eventloop-thread-2 io.netty.buffer.PooledByteBufAllocator - -Dio.netty.allocator.smallCacheSize: 256
DEBUG vert.x-eventloop-thread-2 io.netty.buffer.PooledByteBufAllocator - -Dio.netty.allocator.normalCacheSize: 64
DEBUG vert.x-eventloop-thread-2 io.netty.buffer.PooledByteBufAllocator - -Dio.netty.allocator.maxCachedBufferCapacity: 32768
DEBUG vert.x-eventloop-thread-2 io.netty.buffer.PooledByteBufAllocator - -Dio.netty.allocator.cacheTrimInterval: 8192
DEBUG vert.x-eventloop-thread-2 io.netty.util.internal.ThreadLocalRandom - -Dio.netty.initialSeedUniquifier: 0x656eb07068e7edc2 (took 0 ms)
DEBUG vert.x-eventloop-thread-2 io.netty.buffer.ByteBufUtil - -Dio.netty.allocator.type: unpooled
DEBUG vert.x-eventloop-thread-2 io.netty.buffer.ByteBufUtil - -Dio.netty.threadLocalDirectBufferSize: 65536
DEBUG vert.x-eventloop-thread-2 io.netty.util.NetUtil - Loopback interface: lo0 (lo0, 0:0:0:0:0:0:0:1)
DEBUG vert.x-eventloop-thread-2 io.netty.util.NetUtil - /proc/sys/net/core/somaxconn: 128 (non-existent)
DEBUG vert.x-eventloop-thread-3 io.netty.util.Recycler - -Dio.netty.recycler.maxCapacity.default: 262144
DEBUG vert.x-eventloop-thread-2 com.omegapoint.ws.RestServiceImpl - Content-Type = application/protobuf-x
DEBUG vert.x-eventloop-thread-2 com.omegapoint.ws.RestServiceImpl - Protobuf message length = 30
Protobuf message: The message from protobuf!!!
DEBUG vert.x-eventloop-thread-2 com.omegapoint.ws.RestServiceImpl - Message on APNS: tjena
DEBUG main io.netty.util.internal.logging.InternalLoggerFactory - Using Log4J as the default logging framework
DEBUG main io.netty.util.ResourceLeakDetector - -Dio.netty.leakDetectionLevel: simple
DEBUG main io.netty.channel.MultithreadEventLoopGroup - -Dio.netty.eventLoopThreads: 8
DEBUG main io.netty.util.internal.PlatformDependent0 - java.nio.Buffer.address: available
DEBUG main io.netty.util.internal.PlatformDependent0 - sun.misc.Unsafe.theUnsafe: available
DEBUG main io.netty.util.internal.PlatformDependent0 - sun.misc.Unsafe.copyMemory: available
DEBUG main io.netty.util.internal.PlatformDependent0 - java.nio.Bits.unaligned: true
DEBUG main io.netty.util.internal.PlatformDependent - Java version: 8
DEBUG main io.netty.util.internal.PlatformDependent - -Dio.netty.noUnsafe: false
DEBUG main io.netty.util.internal.PlatformDependent - sun.misc.Unsafe: available
DEBUG main io.netty.util.internal.PlatformDependent - -Dio.netty.noJavassist: false
DEBUG main io.netty.util.internal.PlatformDependent - Javassist: unavailable
DEBUG main io.netty.util.internal.PlatformDependent - You don't have Javassist in your class path or you don't have enough permission to load dynamically generated classes.  Please check the configuration for better performance.
DEBUG main io.netty.util.internal.PlatformDependent - -Dio.netty.tmpdir: /var/folders/tk/2t_ll0bs5ml458g35b118h3r0000gp/T (java.io.tmpdir)
DEBUG main io.netty.util.internal.PlatformDependent - -Dio.netty.bitMode: 64 (sun.arch.data.model)
DEBUG main io.netty.util.internal.PlatformDependent - -Dio.netty.noPreferDirect: false
DEBUG main io.netty.channel.nio.NioEventLoop - -Dio.netty.noKeySetOptimization: false
DEBUG main io.netty.channel.nio.NioEventLoop - -Dio.netty.selectorAutoRebuildThreshold: 512
INFO vert.x-eventloop-thread-2 com.omegapoint.ws.RestServiceImpl - Listening on 8080
DEBUG vert.x-eventloop-thread-2 io.netty.buffer.PooledByteBufAllocator - -Dio.netty.allocator.numHeapArenas: 4
DEBUG vert.x-eventloop-thread-2 io.netty.buffer.PooledByteBufAllocator - -Dio.netty.allocator.numDirectArenas: 4
DEBUG vert.x-eventloop-thread-2 io.netty.buffer.PooledByteBufAllocator - -Dio.netty.allocator.pageSize: 8192
DEBUG vert.x-eventloop-thread-2 io.netty.buffer.PooledByteBufAllocator - -Dio.netty.allocator.maxOrder: 11
DEBUG vert.x-eventloop-thread-2 io.netty.buffer.PooledByteBufAllocator - -Dio.netty.allocator.chunkSize: 16777216
DEBUG vert.x-eventloop-thread-2 io.netty.buffer.PooledByteBufAllocator - -Dio.netty.allocator.tinyCacheSize: 512
DEBUG vert.x-eventloop-thread-2 io.netty.buffer.PooledByteBufAllocator - -Dio.netty.allocator.smallCacheSize: 256
DEBUG vert.x-eventloop-thread-2 io.netty.buffer.PooledByteBufAllocator - -Dio.netty.allocator.normalCacheSize: 64
DEBUG vert.x-eventloop-thread-2 io.netty.buffer.PooledByteBufAllocator - -Dio.netty.allocator.maxCachedBufferCapacity: 32768
DEBUG vert.x-eventloop-thread-2 io.netty.buffer.PooledByteBufAllocator - -Dio.netty.allocator.cacheTrimInterval: 8192
DEBUG vert.x-eventloop-thread-2 io.netty.util.internal.ThreadLocalRandom - -Dio.netty.initialSeedUniquifier: 0x47e49196568dd372 (took 0 ms)
DEBUG vert.x-eventloop-thread-2 io.netty.buffer.ByteBufUtil - -Dio.netty.allocator.type: unpooled
DEBUG vert.x-eventloop-thread-2 io.netty.buffer.ByteBufUtil - -Dio.netty.threadLocalDirectBufferSize: 65536
DEBUG vert.x-eventloop-thread-2 io.netty.util.NetUtil - Loopback interface: lo0 (lo0, 0:0:0:0:0:0:0:1)
DEBUG vert.x-eventloop-thread-2 io.netty.util.NetUtil - /proc/sys/net/core/somaxconn: 128 (non-existent)
DEBUG vert.x-eventloop-thread-3 io.netty.util.Recycler - -Dio.netty.recycler.maxCapacity.default: 262144
DEBUG vert.x-eventloop-thread-2 com.omegapoint.ws.RestServiceImpl - Content-Type = application/protobuf-x
DEBUG vert.x-eventloop-thread-2 com.omegapoint.ws.RestServiceImpl - Protobuf message length = 30
Protobuf message: The message from protobuf!!!
DEBUG vert.x-eventloop-thread-2 com.omegapoint.ws.RestServiceImpl - Message on APNS: tjena
DEBUG main io.netty.util.internal.logging.InternalLoggerFactory - Using Log4J as the default logging framework
DEBUG main io.netty.util.ResourceLeakDetector - -Dio.netty.leakDetectionLevel: simple
DEBUG main io.netty.channel.MultithreadEventLoopGroup - -Dio.netty.eventLoopThreads: 8
DEBUG main io.netty.util.internal.PlatformDependent0 - java.nio.Buffer.address: available
DEBUG main io.netty.util.internal.PlatformDependent0 - sun.misc.Unsafe.theUnsafe: available
DEBUG main io.netty.util.internal.PlatformDependent0 - sun.misc.Unsafe.copyMemory: available
DEBUG main io.netty.util.internal.PlatformDependent0 - java.nio.Bits.unaligned: true
DEBUG main io.netty.util.internal.PlatformDependent - Java version: 8
DEBUG main io.netty.util.internal.PlatformDependent - -Dio.netty.noUnsafe: false
DEBUG main io.netty.util.internal.PlatformDependent - sun.misc.Unsafe: available
DEBUG main io.netty.util.internal.PlatformDependent - -Dio.netty.noJavassist: false
DEBUG main io.netty.util.internal.PlatformDependent - Javassist: unavailable
DEBUG main io.netty.util.internal.PlatformDependent - You don't have Javassist in your class path or you don't have enough permission to load dynamically generated classes.  Please check the configuration for better performance.
DEBUG main io.netty.util.internal.PlatformDependent - -Dio.netty.tmpdir: /var/folders/tk/2t_ll0bs5ml458g35b118h3r0000gp/T (java.io.tmpdir)
DEBUG main io.netty.util.internal.PlatformDependent - -Dio.netty.bitMode: 64 (sun.arch.data.model)
DEBUG main io.netty.util.internal.PlatformDependent - -Dio.netty.noPreferDirect: false
DEBUG main io.netty.channel.nio.NioEventLoop - -Dio.netty.noKeySetOptimization: false
DEBUG main io.netty.channel.nio.NioEventLoop - -Dio.netty.selectorAutoRebuildThreshold: 512
INFO vert.x-eventloop-thread-2 com.omegapoint.ws.RestServiceImpl - Listening on 8080
DEBUG vert.x-eventloop-thread-2 io.netty.buffer.PooledByteBufAllocator - -Dio.netty.allocator.numHeapArenas: 4
DEBUG vert.x-eventloop-thread-2 io.netty.buffer.PooledByteBufAllocator - -Dio.netty.allocator.numDirectArenas: 4
DEBUG vert.x-eventloop-thread-2 io.netty.buffer.PooledByteBufAllocator - -Dio.netty.allocator.pageSize: 8192
DEBUG vert.x-eventloop-thread-2 io.netty.buffer.PooledByteBufAllocator - -Dio.netty.allocator.maxOrder: 11
DEBUG vert.x-eventloop-thread-2 io.netty.buffer.PooledByteBufAllocator - -Dio.netty.allocator.chunkSize: 16777216
DEBUG vert.x-eventloop-thread-2 io.netty.buffer.PooledByteBufAllocator - -Dio.netty.allocator.tinyCacheSize: 512
DEBUG vert.x-eventloop-thread-2 io.netty.buffer.PooledByteBufAllocator - -Dio.netty.allocator.smallCacheSize: 256
DEBUG vert.x-eventloop-thread-2 io.netty.buffer.PooledByteBufAllocator - -Dio.netty.allocator.normalCacheSize: 64
DEBUG vert.x-eventloop-thread-2 io.netty.buffer.PooledByteBufAllocator - -Dio.netty.allocator.maxCachedBufferCapacity: 32768
DEBUG vert.x-eventloop-thread-2 io.netty.buffer.PooledByteBufAllocator - -Dio.netty.allocator.cacheTrimInterval: 8192
DEBUG vert.x-eventloop-thread-2 io.netty.util.internal.ThreadLocalRandom - -Dio.netty.initialSeedUniquifier: 0xd585925acc9fca1c (took 0 ms)
DEBUG vert.x-eventloop-thread-2 io.netty.buffer.ByteBufUtil - -Dio.netty.allocator.type: unpooled
DEBUG vert.x-eventloop-thread-2 io.netty.buffer.ByteBufUtil - -Dio.netty.threadLocalDirectBufferSize: 65536
DEBUG vert.x-eventloop-thread-2 io.netty.util.NetUtil - Loopback interface: lo0 (lo0, 0:0:0:0:0:0:0:1)
DEBUG vert.x-eventloop-thread-2 io.netty.util.NetUtil - /proc/sys/net/core/somaxconn: 128 (non-existent)
DEBUG vert.x-eventloop-thread-3 io.netty.util.Recycler - -Dio.netty.recycler.maxCapacity.default: 262144
DEBUG vert.x-eventloop-thread-2 com.omegapoint.ws.RestServiceImpl - Content-Type = application/protobuf-x
DEBUG vert.x-eventloop-thread-2 com.omegapoint.ws.RestServiceImpl - Protobuf message length = 30
Protobuf message: The message from protobuf!!!
DEBUG vert.x-eventloop-thread-2 com.omegapoint.ws.RestServiceImpl - Message on APNS: tjena
DEBUG main io.netty.util.internal.logging.InternalLoggerFactory - Using Log4J as the default logging framework
DEBUG main io.netty.util.ResourceLeakDetector - -Dio.netty.leakDetectionLevel: simple
DEBUG main io.netty.channel.MultithreadEventLoopGroup - -Dio.netty.eventLoopThreads: 8
DEBUG main io.netty.util.internal.PlatformDependent0 - java.nio.Buffer.address: available
DEBUG main io.netty.util.internal.PlatformDependent0 - sun.misc.Unsafe.theUnsafe: available
DEBUG main io.netty.util.internal.PlatformDependent0 - sun.misc.Unsafe.copyMemory: available
DEBUG main io.netty.util.internal.PlatformDependent0 - java.nio.Bits.unaligned: true
DEBUG main io.netty.util.internal.PlatformDependent - Java version: 8
DEBUG main io.netty.util.internal.PlatformDependent - -Dio.netty.noUnsafe: false
DEBUG main io.netty.util.internal.PlatformDependent - sun.misc.Unsafe: available
DEBUG main io.netty.util.internal.PlatformDependent - -Dio.netty.noJavassist: false
DEBUG main io.netty.util.internal.PlatformDependent - Javassist: unavailable
DEBUG main io.netty.util.internal.PlatformDependent - You don't have Javassist in your class path or you don't have enough permission to load dynamically generated classes.  Please check the configuration for better performance.
DEBUG main io.netty.util.internal.PlatformDependent - -Dio.netty.tmpdir: /var/folders/tk/2t_ll0bs5ml458g35b118h3r0000gp/T (java.io.tmpdir)
DEBUG main io.netty.util.internal.PlatformDependent - -Dio.netty.bitMode: 64 (sun.arch.data.model)
DEBUG main io.netty.util.internal.PlatformDependent - -Dio.netty.noPreferDirect: false
DEBUG main io.netty.channel.nio.NioEventLoop - -Dio.netty.noKeySetOptimization: false
DEBUG main io.netty.channel.nio.NioEventLoop - -Dio.netty.selectorAutoRebuildThreshold: 512
INFO vert.x-eventloop-thread-2 com.omegapoint.ws.RestServiceImpl - Listening on 8080
DEBUG vert.x-eventloop-thread-2 io.netty.buffer.PooledByteBufAllocator - -Dio.netty.allocator.numHeapArenas: 4
DEBUG vert.x-eventloop-thread-2 io.netty.buffer.PooledByteBufAllocator - -Dio.netty.allocator.numDirectArenas: 4
DEBUG vert.x-eventloop-thread-2 io.netty.buffer.PooledByteBufAllocator - -Dio.netty.allocator.pageSize: 8192
DEBUG vert.x-eventloop-thread-2 io.netty.buffer.PooledByteBufAllocator - -Dio.netty.allocator.maxOrder: 11
DEBUG vert.x-eventloop-thread-2 io.netty.buffer.PooledByteBufAllocator - -Dio.netty.allocator.chunkSize: 16777216
DEBUG vert.x-eventloop-thread-2 io.netty.buffer.PooledByteBufAllocator - -Dio.netty.allocator.tinyCacheSize: 512
DEBUG vert.x-eventloop-thread-2 io.netty.buffer.PooledByteBufAllocator - -Dio.netty.allocator.smallCacheSize: 256
DEBUG vert.x-eventloop-thread-2 io.netty.buffer.PooledByteBufAllocator - -Dio.netty.allocator.normalCacheSize: 64
DEBUG vert.x-eventloop-thread-2 io.netty.buffer.PooledByteBufAllocator - -Dio.netty.allocator.maxCachedBufferCapacity: 32768
DEBUG vert.x-eventloop-thread-2 io.netty.buffer.PooledByteBufAllocator - -Dio.netty.allocator.cacheTrimInterval: 8192
DEBUG vert.x-eventloop-thread-2 io.netty.util.internal.ThreadLocalRandom - -Dio.netty.initialSeedUniquifier: 0x06c4284c795dbb4f (took 0 ms)
DEBUG vert.x-eventloop-thread-2 io.netty.buffer.ByteBufUtil - -Dio.netty.allocator.type: unpooled
DEBUG vert.x-eventloop-thread-2 io.netty.buffer.ByteBufUtil - -Dio.netty.threadLocalDirectBufferSize: 65536
DEBUG vert.x-eventloop-thread-2 io.netty.util.NetUtil - Loopback interface: lo0 (lo0, 0:0:0:0:0:0:0:1)
DEBUG vert.x-eventloop-thread-2 io.netty.util.NetUtil - /proc/sys/net/core/somaxconn: 128 (non-existent)
DEBUG vert.x-eventloop-thread-3 io.netty.util.Recycler - -Dio.netty.recycler.maxCapacity.default: 262144
DEBUG vert.x-eventloop-thread-2 com.omegapoint.ws.RestServiceImpl - Content-Type = application/protobuf-x
DEBUG vert.x-eventloop-thread-2 com.omegapoint.ws.RestServiceImpl - Protobuf message length = 30
Protobuf message: The message from protobuf!!!
DEBUG vert.x-eventloop-thread-2 com.omegapoint.ws.RestServiceImpl - Message on APNS: tjena
DEBUG main io.netty.util.internal.logging.InternalLoggerFactory - Using Log4J as the default logging framework
DEBUG main io.netty.util.ResourceLeakDetector - -Dio.netty.leakDetectionLevel: simple
DEBUG main io.netty.channel.MultithreadEventLoopGroup - -Dio.netty.eventLoopThreads: 8
DEBUG main io.netty.util.internal.PlatformDependent0 - java.nio.Buffer.address: available
DEBUG main io.netty.util.internal.PlatformDependent0 - sun.misc.Unsafe.theUnsafe: available
DEBUG main io.netty.util.internal.PlatformDependent0 - sun.misc.Unsafe.copyMemory: available
DEBUG main io.netty.util.internal.PlatformDependent0 - java.nio.Bits.unaligned: true
DEBUG main io.netty.util.internal.PlatformDependent - Java version: 8
DEBUG main io.netty.util.internal.PlatformDependent - -Dio.netty.noUnsafe: false
DEBUG main io.netty.util.internal.PlatformDependent - sun.misc.Unsafe: available
DEBUG main io.netty.util.internal.PlatformDependent - -Dio.netty.noJavassist: false
DEBUG main io.netty.util.internal.PlatformDependent - Javassist: unavailable
DEBUG main io.netty.util.internal.PlatformDependent - You don't have Javassist in your class path or you don't have enough permission to load dynamically generated classes.  Please check the configuration for better performance.
DEBUG main io.netty.util.internal.PlatformDependent - -Dio.netty.tmpdir: /var/folders/tk/2t_ll0bs5ml458g35b118h3r0000gp/T (java.io.tmpdir)
DEBUG main io.netty.util.internal.PlatformDependent - -Dio.netty.bitMode: 64 (sun.arch.data.model)
DEBUG main io.netty.util.internal.PlatformDependent - -Dio.netty.noPreferDirect: false
DEBUG main io.netty.channel.nio.NioEventLoop - -Dio.netty.noKeySetOptimization: false
DEBUG main io.netty.channel.nio.NioEventLoop - -Dio.netty.selectorAutoRebuildThreshold: 512
INFO vert.x-eventloop-thread-2 com.omegapoint.ws.RestServiceImpl - Listening on 8080
DEBUG vert.x-eventloop-thread-2 io.netty.buffer.PooledByteBufAllocator - -Dio.netty.allocator.numHeapArenas: 4
DEBUG vert.x-eventloop-thread-2 io.netty.buffer.PooledByteBufAllocator - -Dio.netty.allocator.numDirectArenas: 4
DEBUG vert.x-eventloop-thread-2 io.netty.buffer.PooledByteBufAllocator - -Dio.netty.allocator.pageSize: 8192
DEBUG vert.x-eventloop-thread-2 io.netty.buffer.PooledByteBufAllocator - -Dio.netty.allocator.maxOrder: 11
DEBUG vert.x-eventloop-thread-2 io.netty.buffer.PooledByteBufAllocator - -Dio.netty.allocator.chunkSize: 16777216
DEBUG vert.x-eventloop-thread-2 io.netty.buffer.PooledByteBufAllocator - -Dio.netty.allocator.tinyCacheSize: 512
DEBUG vert.x-eventloop-thread-2 io.netty.buffer.PooledByteBufAllocator - -Dio.netty.allocator.smallCacheSize: 256
DEBUG vert.x-eventloop-thread-2 io.netty.buffer.PooledByteBufAllocator - -Dio.netty.allocator.normalCacheSize: 64
DEBUG vert.x-eventloop-thread-2 io.netty.buffer.PooledByteBufAllocator - -Dio.netty.allocator.maxCachedBufferCapacity: 32768
DEBUG vert.x-eventloop-thread-2 io.netty.buffer.PooledByteBufAllocator - -Dio.netty.allocator.cacheTrimInterval: 8192
DEBUG vert.x-eventloop-thread-2 io.netty.util.internal.ThreadLocalRandom - -Dio.netty.initialSeedUniquifier: 0xb119f87af46145bd (took 0 ms)
DEBUG vert.x-eventloop-thread-2 io.netty.buffer.ByteBufUtil - -Dio.netty.allocator.type: unpooled
DEBUG vert.x-eventloop-thread-2 io.netty.buffer.ByteBufUtil - -Dio.netty.threadLocalDirectBufferSize: 65536
DEBUG vert.x-eventloop-thread-2 io.netty.util.NetUtil - Loopback interface: lo0 (lo0, 0:0:0:0:0:0:0:1)
DEBUG vert.x-eventloop-thread-2 io.netty.util.NetUtil - /proc/sys/net/core/somaxconn: 128 (non-existent)
DEBUG vert.x-eventloop-thread-3 io.netty.util.Recycler - -Dio.netty.recycler.maxCapacity.default: 262144
DEBUG vert.x-eventloop-thread-2 com.omegapoint.ws.RestServiceImpl - Content-Type = application/protobuf-x
DEBUG vert.x-eventloop-thread-2 com.omegapoint.ws.RestServiceImpl - Protobuf message length = 30
Protobuf message: The message from protobuf!!!
DEBUG vert.x-eventloop-thread-2 com.omegapoint.ws.RestServiceImpl - Message on APNS: tjena
DEBUG main io.netty.util.internal.logging.InternalLoggerFactory - Using Log4J as the default logging framework
DEBUG main io.netty.util.ResourceLeakDetector - -Dio.netty.leakDetectionLevel: simple
DEBUG main io.netty.channel.MultithreadEventLoopGroup - -Dio.netty.eventLoopThreads: 8
DEBUG main io.netty.util.internal.PlatformDependent0 - java.nio.Buffer.address: available
DEBUG main io.netty.util.internal.PlatformDependent0 - sun.misc.Unsafe.theUnsafe: available
DEBUG main io.netty.util.internal.PlatformDependent0 - sun.misc.Unsafe.copyMemory: available
DEBUG main io.netty.util.internal.PlatformDependent0 - java.nio.Bits.unaligned: true
DEBUG main io.netty.util.internal.PlatformDependent - Java version: 8
DEBUG main io.netty.util.internal.PlatformDependent - -Dio.netty.noUnsafe: false
DEBUG main io.netty.util.internal.PlatformDependent - sun.misc.Unsafe: available
DEBUG main io.netty.util.internal.PlatformDependent - -Dio.netty.noJavassist: false
DEBUG main io.netty.util.internal.PlatformDependent - Javassist: unavailable
DEBUG main io.netty.util.internal.PlatformDependent - You don't have Javassist in your class path or you don't have enough permission to load dynamically generated classes.  Please check the configuration for better performance.
DEBUG main io.netty.util.internal.PlatformDependent - -Dio.netty.tmpdir: /var/folders/tk/2t_ll0bs5ml458g35b118h3r0000gp/T (java.io.tmpdir)
DEBUG main io.netty.util.internal.PlatformDependent - -Dio.netty.bitMode: 64 (sun.arch.data.model)
DEBUG main io.netty.util.internal.PlatformDependent - -Dio.netty.noPreferDirect: false
DEBUG main io.netty.channel.nio.NioEventLoop - -Dio.netty.noKeySetOptimization: false
DEBUG main io.netty.channel.nio.NioEventLoop - -Dio.netty.selectorAutoRebuildThreshold: 512
INFO vert.x-eventloop-thread-2 com.omegapoint.ws.RestServiceImpl - Listening on 8080
DEBUG vert.x-eventloop-thread-2 io.netty.buffer.PooledByteBufAllocator - -Dio.netty.allocator.numHeapArenas: 4
DEBUG vert.x-eventloop-thread-2 io.netty.buffer.PooledByteBufAllocator - -Dio.netty.allocator.numDirectArenas: 4
DEBUG vert.x-eventloop-thread-2 io.netty.buffer.PooledByteBufAllocator - -Dio.netty.allocator.pageSize: 8192
DEBUG vert.x-eventloop-thread-2 io.netty.buffer.PooledByteBufAllocator - -Dio.netty.allocator.maxOrder: 11
DEBUG vert.x-eventloop-thread-2 io.netty.buffer.PooledByteBufAllocator - -Dio.netty.allocator.chunkSize: 16777216
DEBUG vert.x-eventloop-thread-2 io.netty.buffer.PooledByteBufAllocator - -Dio.netty.allocator.tinyCacheSize: 512
DEBUG vert.x-eventloop-thread-2 io.netty.buffer.PooledByteBufAllocator - -Dio.netty.allocator.smallCacheSize: 256
DEBUG vert.x-eventloop-thread-2 io.netty.buffer.PooledByteBufAllocator - -Dio.netty.allocator.normalCacheSize: 64
DEBUG vert.x-eventloop-thread-2 io.netty.buffer.PooledByteBufAllocator - -Dio.netty.allocator.maxCachedBufferCapacity: 32768
DEBUG vert.x-eventloop-thread-2 io.netty.buffer.PooledByteBufAllocator - -Dio.netty.allocator.cacheTrimInterval: 8192
DEBUG vert.x-eventloop-thread-2 io.netty.util.internal.ThreadLocalRandom - -Dio.netty.initialSeedUniquifier: 0x6c37afbd293335b2 (took 1 ms)
DEBUG vert.x-eventloop-thread-2 io.netty.buffer.ByteBufUtil - -Dio.netty.allocator.type: unpooled
DEBUG vert.x-eventloop-thread-2 io.netty.buffer.ByteBufUtil - -Dio.netty.threadLocalDirectBufferSize: 65536
DEBUG vert.x-eventloop-thread-2 io.netty.util.NetUtil - Loopback interface: lo0 (lo0, 0:0:0:0:0:0:0:1)
DEBUG vert.x-eventloop-thread-2 io.netty.util.NetUtil - /proc/sys/net/core/somaxconn: 128 (non-existent)
DEBUG vert.x-eventloop-thread-3 io.netty.util.Recycler - -Dio.netty.recycler.maxCapacity.default: 262144
DEBUG vert.x-eventloop-thread-2 com.omegapoint.ws.RestServiceImpl - Content-Type = application/protobuf-x
DEBUG vert.x-eventloop-thread-2 com.omegapoint.ws.RestServiceImpl - Protobuf message length = 30
Protobuf message: The message from protobuf!!!
DEBUG vert.x-eventloop-thread-2 com.omegapoint.ws.RestServiceImpl - Message on APNS: tjena
DEBUG main io.netty.util.internal.logging.InternalLoggerFactory - Using Log4J as the default logging framework
DEBUG main io.netty.util.ResourceLeakDetector - -Dio.netty.leakDetectionLevel: simple
DEBUG main io.netty.channel.MultithreadEventLoopGroup - -Dio.netty.eventLoopThreads: 8
DEBUG main io.netty.util.internal.PlatformDependent0 - java.nio.Buffer.address: available
DEBUG main io.netty.util.internal.PlatformDependent0 - sun.misc.Unsafe.theUnsafe: available
DEBUG main io.netty.util.internal.PlatformDependent0 - sun.misc.Unsafe.copyMemory: available
DEBUG main io.netty.util.internal.PlatformDependent0 - java.nio.Bits.unaligned: true
DEBUG main io.netty.util.internal.PlatformDependent - Java version: 8
DEBUG main io.netty.util.internal.PlatformDependent - -Dio.netty.noUnsafe: false
DEBUG main io.netty.util.internal.PlatformDependent - sun.misc.Unsafe: available
DEBUG main io.netty.util.internal.PlatformDependent - -Dio.netty.noJavassist: false
DEBUG main io.netty.util.internal.PlatformDependent - Javassist: unavailable
DEBUG main io.netty.util.internal.PlatformDependent - You don't have Javassist in your class path or you don't have enough permission to load dynamically generated classes.  Please check the configuration for better performance.
DEBUG main io.netty.util.internal.PlatformDependent - -Dio.netty.tmpdir: /var/folders/tk/2t_ll0bs5ml458g35b118h3r0000gp/T (java.io.tmpdir)
DEBUG main io.netty.util.internal.PlatformDependent - -Dio.netty.bitMode: 64 (sun.arch.data.model)
DEBUG main io.netty.util.internal.PlatformDependent - -Dio.netty.noPreferDirect: false
DEBUG main io.netty.channel.nio.NioEventLoop - -Dio.netty.noKeySetOptimization: false
DEBUG main io.netty.channel.nio.NioEventLoop - -Dio.netty.selectorAutoRebuildThreshold: 512
INFO vert.x-eventloop-thread-2 com.omegapoint.ws.RestServiceImpl - Listening on 8080
DEBUG vert.x-eventloop-thread-2 io.netty.buffer.PooledByteBufAllocator - -Dio.netty.allocator.numHeapArenas: 4
DEBUG vert.x-eventloop-thread-2 io.netty.buffer.PooledByteBufAllocator - -Dio.netty.allocator.numDirectArenas: 4
DEBUG vert.x-eventloop-thread-2 io.netty.buffer.PooledByteBufAllocator - -Dio.netty.allocator.pageSize: 8192
DEBUG vert.x-eventloop-thread-2 io.netty.buffer.PooledByteBufAllocator - -Dio.netty.allocator.maxOrder: 11
DEBUG vert.x-eventloop-thread-2 io.netty.buffer.PooledByteBufAllocator - -Dio.netty.allocator.chunkSize: 16777216
DEBUG vert.x-eventloop-thread-2 io.netty.buffer.PooledByteBufAllocator - -Dio.netty.allocator.tinyCacheSize: 512
DEBUG vert.x-eventloop-thread-2 io.netty.buffer.PooledByteBufAllocator - -Dio.netty.allocator.smallCacheSize: 256
DEBUG vert.x-eventloop-thread-2 io.netty.buffer.PooledByteBufAllocator - -Dio.netty.allocator.normalCacheSize: 64
DEBUG vert.x-eventloop-thread-2 io.netty.buffer.PooledByteBufAllocator - -Dio.netty.allocator.maxCachedBufferCapacity: 32768
DEBUG vert.x-eventloop-thread-2 io.netty.buffer.PooledByteBufAllocator - -Dio.netty.allocator.cacheTrimInterval: 8192
DEBUG vert.x-eventloop-thread-2 io.netty.util.internal.ThreadLocalRandom - -Dio.netty.initialSeedUniquifier: 0x0089663b42eadfee (took 0 ms)
DEBUG vert.x-eventloop-thread-2 io.netty.buffer.ByteBufUtil - -Dio.netty.allocator.type: unpooled
DEBUG vert.x-eventloop-thread-2 io.netty.buffer.ByteBufUtil - -Dio.netty.threadLocalDirectBufferSize: 65536
DEBUG vert.x-eventloop-thread-2 io.netty.util.NetUtil - Loopback interface: lo0 (lo0, 0:0:0:0:0:0:0:1)
DEBUG vert.x-eventloop-thread-2 io.netty.util.NetUtil - /proc/sys/net/core/somaxconn: 128 (non-existent)
DEBUG vert.x-eventloop-thread-3 io.netty.util.Recycler - -Dio.netty.recycler.maxCapacity.default: 262144
DEBUG vert.x-eventloop-thread-2 com.omegapoint.ws.RestServiceImpl - Content-Type = application/protobuf-x
DEBUG vert.x-eventloop-thread-2 com.omegapoint.ws.RestServiceImpl - Protobuf message length = 30
Protobuf message: The message from protobuf!!!
DEBUG vert.x-eventloop-thread-2 com.omegapoint.ws.RestServiceImpl - Message on APNS: tjena
DEBUG main io.netty.util.internal.logging.InternalLoggerFactory - Using Log4J as the default logging framework
DEBUG main io.netty.util.ResourceLeakDetector - -Dio.netty.leakDetectionLevel: simple
DEBUG main io.netty.channel.MultithreadEventLoopGroup - -Dio.netty.eventLoopThreads: 8
DEBUG main io.netty.util.internal.PlatformDependent0 - java.nio.Buffer.address: available
DEBUG main io.netty.util.internal.PlatformDependent0 - sun.misc.Unsafe.theUnsafe: available
DEBUG main io.netty.util.internal.PlatformDependent0 - sun.misc.Unsafe.copyMemory: available
DEBUG main io.netty.util.internal.PlatformDependent0 - java.nio.Bits.unaligned: true
DEBUG main io.netty.util.internal.PlatformDependent - Java version: 8
DEBUG main io.netty.util.internal.PlatformDependent - -Dio.netty.noUnsafe: false
DEBUG main io.netty.util.internal.PlatformDependent - sun.misc.Unsafe: available
DEBUG main io.netty.util.internal.PlatformDependent - -Dio.netty.noJavassist: false
DEBUG main io.netty.util.internal.PlatformDependent - Javassist: unavailable
DEBUG main io.netty.util.internal.PlatformDependent - You don't have Javassist in your class path or you don't have enough permission to load dynamically generated classes.  Please check the configuration for better performance.
DEBUG main io.netty.util.internal.PlatformDependent - -Dio.netty.tmpdir: /var/folders/tk/2t_ll0bs5ml458g35b118h3r0000gp/T (java.io.tmpdir)
DEBUG main io.netty.util.internal.PlatformDependent - -Dio.netty.bitMode: 64 (sun.arch.data.model)
DEBUG main io.netty.util.internal.PlatformDependent - -Dio.netty.noPreferDirect: false
DEBUG main io.netty.channel.nio.NioEventLoop - -Dio.netty.noKeySetOptimization: false
DEBUG main io.netty.channel.nio.NioEventLoop - -Dio.netty.selectorAutoRebuildThreshold: 512
INFO vert.x-eventloop-thread-2 com.omegapoint.ws.RestServiceImpl - Listening on 8080
DEBUG vert.x-eventloop-thread-2 io.netty.buffer.PooledByteBufAllocator - -Dio.netty.allocator.numHeapArenas: 4
DEBUG vert.x-eventloop-thread-2 io.netty.buffer.PooledByteBufAllocator - -Dio.netty.allocator.numDirectArenas: 4
DEBUG vert.x-eventloop-thread-2 io.netty.buffer.PooledByteBufAllocator - -Dio.netty.allocator.pageSize: 8192
DEBUG vert.x-eventloop-thread-2 io.netty.buffer.PooledByteBufAllocator - -Dio.netty.allocator.maxOrder: 11
DEBUG vert.x-eventloop-thread-2 io.netty.buffer.PooledByteBufAllocator - -Dio.netty.allocator.chunkSize: 16777216
DEBUG vert.x-eventloop-thread-2 io.netty.buffer.PooledByteBufAllocator - -Dio.netty.allocator.tinyCacheSize: 512
DEBUG vert.x-eventloop-thread-2 io.netty.buffer.PooledByteBufAllocator - -Dio.netty.allocator.smallCacheSize: 256
DEBUG vert.x-eventloop-thread-2 io.netty.buffer.PooledByteBufAllocator - -Dio.netty.allocator.normalCacheSize: 64
DEBUG vert.x-eventloop-thread-2 io.netty.buffer.PooledByteBufAllocator - -Dio.netty.allocator.maxCachedBufferCapacity: 32768
DEBUG vert.x-eventloop-thread-2 io.netty.buffer.PooledByteBufAllocator - -Dio.netty.allocator.cacheTrimInterval: 8192
DEBUG vert.x-eventloop-thread-2 io.netty.util.internal.ThreadLocalRandom - -Dio.netty.initialSeedUniquifier: 0x4afa7508a3375849 (took 0 ms)
DEBUG vert.x-eventloop-thread-2 io.netty.buffer.ByteBufUtil - -Dio.netty.allocator.type: unpooled
DEBUG vert.x-eventloop-thread-2 io.netty.buffer.ByteBufUtil - -Dio.netty.threadLocalDirectBufferSize: 65536
DEBUG vert.x-eventloop-thread-2 io.netty.util.NetUtil - Loopback interface: lo0 (lo0, 0:0:0:0:0:0:0:1)
DEBUG vert.x-eventloop-thread-2 io.netty.util.NetUtil - /proc/sys/net/core/somaxconn: 128 (non-existent)
DEBUG vert.x-eventloop-thread-3 io.netty.util.Recycler - -Dio.netty.recycler.maxCapacity.default: 262144
DEBUG vert.x-eventloop-thread-2 com.omegapoint.ws.RestServiceImpl - Content-Type = application/protobuf-x
DEBUG vert.x-eventloop-thread-2 com.omegapoint.ws.RestServiceImpl - Protobuf message length = 30
Protobuf message: The message from protobuf!!!
DEBUG vert.x-eventloop-thread-2 com.omegapoint.ws.RestServiceImpl - Message on APNS: tjena
DEBUG main io.netty.util.internal.logging.InternalLoggerFactory - Using Log4J as the default logging framework
DEBUG main io.netty.util.ResourceLeakDetector - -Dio.netty.leakDetectionLevel: simple
DEBUG main io.netty.channel.MultithreadEventLoopGroup - -Dio.netty.eventLoopThreads: 8
DEBUG main io.netty.util.internal.PlatformDependent0 - java.nio.Buffer.address: available
DEBUG main io.netty.util.internal.PlatformDependent0 - sun.misc.Unsafe.theUnsafe: available
DEBUG main io.netty.util.internal.PlatformDependent0 - sun.misc.Unsafe.copyMemory: available
DEBUG main io.netty.util.internal.PlatformDependent0 - java.nio.Bits.unaligned: true
DEBUG main io.netty.util.internal.PlatformDependent - Java version: 8
DEBUG main io.netty.util.internal.PlatformDependent - -Dio.netty.noUnsafe: false
DEBUG main io.netty.util.internal.PlatformDependent - sun.misc.Unsafe: available
DEBUG main io.netty.util.internal.PlatformDependent - -Dio.netty.noJavassist: false
DEBUG main io.netty.util.internal.PlatformDependent - Javassist: unavailable
DEBUG main io.netty.util.internal.PlatformDependent - You don't have Javassist in your class path or you don't have enough permission to load dynamically generated classes.  Please check the configuration for better performance.
DEBUG main io.netty.util.internal.PlatformDependent - -Dio.netty.tmpdir: /var/folders/tk/2t_ll0bs5ml458g35b118h3r0000gp/T (java.io.tmpdir)
DEBUG main io.netty.util.internal.PlatformDependent - -Dio.netty.bitMode: 64 (sun.arch.data.model)
DEBUG main io.netty.util.internal.PlatformDependent - -Dio.netty.noPreferDirect: false
DEBUG main io.netty.channel.nio.NioEventLoop - -Dio.netty.noKeySetOptimization: false
DEBUG main io.netty.channel.nio.NioEventLoop - -Dio.netty.selectorAutoRebuildThreshold: 512
INFO vert.x-eventloop-thread-2 com.omegapoint.ws.RestServiceImpl - Listening on 8080
DEBUG vert.x-eventloop-thread-2 io.netty.buffer.PooledByteBufAllocator - -Dio.netty.allocator.numHeapArenas: 4
DEBUG vert.x-eventloop-thread-2 io.netty.buffer.PooledByteBufAllocator - -Dio.netty.allocator.numDirectArenas: 4
DEBUG vert.x-eventloop-thread-2 io.netty.buffer.PooledByteBufAllocator - -Dio.netty.allocator.pageSize: 8192
DEBUG vert.x-eventloop-thread-2 io.netty.buffer.PooledByteBufAllocator - -Dio.netty.allocator.maxOrder: 11
DEBUG vert.x-eventloop-thread-2 io.netty.buffer.PooledByteBufAllocator - -Dio.netty.allocator.chunkSize: 16777216
DEBUG vert.x-eventloop-thread-2 io.netty.buffer.PooledByteBufAllocator - -Dio.netty.allocator.tinyCacheSize: 512
DEBUG vert.x-eventloop-thread-2 io.netty.buffer.PooledByteBufAllocator - -Dio.netty.allocator.smallCacheSize: 256
DEBUG vert.x-eventloop-thread-2 io.netty.buffer.PooledByteBufAllocator - -Dio.netty.allocator.normalCacheSize: 64
DEBUG vert.x-eventloop-thread-2 io.netty.buffer.PooledByteBufAllocator - -Dio.netty.allocator.maxCachedBufferCapacity: 32768
DEBUG vert.x-eventloop-thread-2 io.netty.buffer.PooledByteBufAllocator - -Dio.netty.allocator.cacheTrimInterval: 8192
DEBUG vert.x-eventloop-thread-2 io.netty.util.internal.ThreadLocalRandom - -Dio.netty.initialSeedUniquifier: 0xa50db7105820f8f7 (took 0 ms)
DEBUG vert.x-eventloop-thread-2 io.netty.buffer.ByteBufUtil - -Dio.netty.allocator.type: unpooled
DEBUG vert.x-eventloop-thread-2 io.netty.buffer.ByteBufUtil - -Dio.netty.threadLocalDirectBufferSize: 65536
DEBUG vert.x-eventloop-thread-2 io.netty.util.NetUtil - Loopback interface: lo0 (lo0, 0:0:0:0:0:0:0:1)
DEBUG vert.x-eventloop-thread-2 io.netty.util.NetUtil - /proc/sys/net/core/somaxconn: 128 (non-existent)
DEBUG vert.x-eventloop-thread-3 io.netty.util.Recycler - -Dio.netty.recycler.maxCapacity.default: 262144
DEBUG vert.x-eventloop-thread-2 com.omegapoint.ws.RestServiceImpl - Content-Type = application/protobuf-x
DEBUG vert.x-eventloop-thread-2 com.omegapoint.ws.RestServiceImpl - Protobuf message length = 30
Protobuf message: The message from protobuf!!!
DEBUG vert.x-eventloop-thread-2 com.omegapoint.ws.RestServiceImpl - Message on APNS: tjena
DEBUG main io.netty.util.internal.logging.InternalLoggerFactory - Using Log4J as the default logging framework
DEBUG main io.netty.util.ResourceLeakDetector - -Dio.netty.leakDetectionLevel: simple
DEBUG main io.netty.channel.MultithreadEventLoopGroup - -Dio.netty.eventLoopThreads: 8
DEBUG main io.netty.util.internal.PlatformDependent0 - java.nio.Buffer.address: available
DEBUG main io.netty.util.internal.PlatformDependent0 - sun.misc.Unsafe.theUnsafe: available
DEBUG main io.netty.util.internal.PlatformDependent0 - sun.misc.Unsafe.copyMemory: available
DEBUG main io.netty.util.internal.PlatformDependent0 - java.nio.Bits.unaligned: true
DEBUG main io.netty.util.internal.PlatformDependent - Java version: 8
DEBUG main io.netty.util.internal.PlatformDependent - -Dio.netty.noUnsafe: false
DEBUG main io.netty.util.internal.PlatformDependent - sun.misc.Unsafe: available
DEBUG main io.netty.util.internal.PlatformDependent - -Dio.netty.noJavassist: false
DEBUG main io.netty.util.internal.PlatformDependent - Javassist: unavailable
DEBUG main io.netty.util.internal.PlatformDependent - You don't have Javassist in your class path or you don't have enough permission to load dynamically generated classes.  Please check the configuration for better performance.
DEBUG main io.netty.util.internal.PlatformDependent - -Dio.netty.tmpdir: /var/folders/tk/2t_ll0bs5ml458g35b118h3r0000gp/T (java.io.tmpdir)
DEBUG main io.netty.util.internal.PlatformDependent - -Dio.netty.bitMode: 64 (sun.arch.data.model)
DEBUG main io.netty.util.internal.PlatformDependent - -Dio.netty.noPreferDirect: false
DEBUG main io.netty.channel.nio.NioEventLoop - -Dio.netty.noKeySetOptimization: false
DEBUG main io.netty.channel.nio.NioEventLoop - -Dio.netty.selectorAutoRebuildThreshold: 512
INFO vert.x-eventloop-thread-2 com.omegapoint.ws.RestServiceImpl - Listening on 8080
DEBUG vert.x-eventloop-thread-2 io.netty.buffer.PooledByteBufAllocator - -Dio.netty.allocator.numHeapArenas: 4
DEBUG vert.x-eventloop-thread-2 io.netty.buffer.PooledByteBufAllocator - -Dio.netty.allocator.numDirectArenas: 4
DEBUG vert.x-eventloop-thread-2 io.netty.buffer.PooledByteBufAllocator - -Dio.netty.allocator.pageSize: 8192
DEBUG vert.x-eventloop-thread-2 io.netty.buffer.PooledByteBufAllocator - -Dio.netty.allocator.maxOrder: 11
DEBUG vert.x-eventloop-thread-2 io.netty.buffer.PooledByteBufAllocator - -Dio.netty.allocator.chunkSize: 16777216
DEBUG vert.x-eventloop-thread-2 io.netty.buffer.PooledByteBufAllocator - -Dio.netty.allocator.tinyCacheSize: 512
DEBUG vert.x-eventloop-thread-2 io.netty.buffer.PooledByteBufAllocator - -Dio.netty.allocator.smallCacheSize: 256
DEBUG vert.x-eventloop-thread-2 io.netty.buffer.PooledByteBufAllocator - -Dio.netty.allocator.normalCacheSize: 64
DEBUG vert.x-eventloop-thread-2 io.netty.buffer.PooledByteBufAllocator - -Dio.netty.allocator.maxCachedBufferCapacity: 32768
DEBUG vert.x-eventloop-thread-2 io.netty.buffer.PooledByteBufAllocator - -Dio.netty.allocator.cacheTrimInterval: 8192
DEBUG vert.x-eventloop-thread-2 io.netty.util.internal.ThreadLocalRandom - -Dio.netty.initialSeedUniquifier: 0x8fbcbe99f45fcbf1 (took 0 ms)
DEBUG vert.x-eventloop-thread-2 io.netty.buffer.ByteBufUtil - -Dio.netty.allocator.type: unpooled
DEBUG vert.x-eventloop-thread-2 io.netty.buffer.ByteBufUtil - -Dio.netty.threadLocalDirectBufferSize: 65536
DEBUG vert.x-eventloop-thread-2 io.netty.util.NetUtil - Loopback interface: lo0 (lo0, 0:0:0:0:0:0:0:1)
DEBUG vert.x-eventloop-thread-2 io.netty.util.NetUtil - /proc/sys/net/core/somaxconn: 128 (non-existent)
DEBUG vert.x-eventloop-thread-3 io.netty.util.Recycler - -Dio.netty.recycler.maxCapacity.default: 262144
DEBUG vert.x-eventloop-thread-2 com.omegapoint.ws.RestServiceImpl - Content-Type = application/protobuf-x
DEBUG vert.x-eventloop-thread-2 com.omegapoint.ws.RestServiceImpl - Protobuf message length = 30
Protobuf message: The message from protobuf!!!
DEBUG vert.x-eventloop-thread-2 com.omegapoint.ws.RestServiceImpl - Message on APNS: tjena
